{"C:\\Users\\lior\\Documents\\Projects\\word project\\lib\\config\\app.ts": {"path":"C:\\Users\\lior\\Documents\\Projects\\word project\\lib\\config\\app.ts","statementMap":{"0":{"start":{"line":1,"column":0},"end":{"line":1,"column":34}},"1":{"start":{"line":2,"column":0},"end":{"line":2,"column":41}},"2":{"start":{"line":4,"column":0},"end":{"line":4,"column":62}},"3":{"start":{"line":5,"column":0},"end":{"line":5,"column":66}},"4":{"start":{"line":10,"column":12},"end":{"line":10,"column":null}},"5":{"start":{"line":11,"column":12},"end":{"line":11,"column":null}},"6":{"start":{"line":14,"column":8},"end":{"line":14,"column":null}},"7":{"start":{"line":15,"column":8},"end":{"line":15,"column":null}},"8":{"start":{"line":16,"column":8},"end":{"line":16,"column":null}},"9":{"start":{"line":18,"column":8},"end":{"line":18,"column":null}},"10":{"start":{"line":23,"column":8},"end":{"line":23,"column":null}},"11":{"start":{"line":25,"column":8},"end":{"line":25,"column":null}},"12":{"start":{"line":29,"column":8},"end":{"line":29,"column":null}},"13":{"start":{"line":34,"column":0},"end":{"line":34,"column":null}}},"fnMap":{"0":{"name":"(anonymous_0)","decl":{"start":{"line":13,"column":4},"end":{"line":13,"column":null}},"loc":{"start":{"line":13,"column":4},"end":{"line":19,"column":5}}},"1":{"name":"(anonymous_1)","decl":{"start":{"line":21,"column":12},"end":{"line":21,"column":18}},"loc":{"start":{"line":21,"column":18},"end":{"line":26,"column":5}}},"2":{"name":"(anonymous_2)","decl":{"start":{"line":28,"column":12},"end":{"line":28,"column":26}},"loc":{"start":{"line":28,"column":50},"end":{"line":31,"column":5}}}},"branchMap":{},"s":{"0":2,"1":2,"2":2,"3":2,"4":2,"5":2,"6":2,"7":2,"8":2,"9":2,"10":2,"11":2,"12":2,"13":2},"f":{"0":2,"1":2,"2":2},"b":{}}
,"C:\\Users\\lior\\Documents\\Projects\\word project\\lib\\controllers\\CommonController.ts": {"path":"C:\\Users\\lior\\Documents\\Projects\\word project\\lib\\controllers\\CommonController.ts","statementMap":{"0":{"start":{"line":6,"column":8},"end":{"line":10,"column":null}},"1":{"start":{"line":7,"column":12},"end":{"line":9,"column":null}},"2":{"start":{"line":3,"column":0},"end":{"line":3,"column":13}}},"fnMap":{"0":{"name":"(anonymous_0)","decl":{"start":{"line":4,"column":11},"end":{"line":4,"column":16}},"loc":{"start":{"line":4,"column":33},"end":{"line":11,"column":5}}},"1":{"name":"(anonymous_1)","decl":{"start":{"line":6,"column":21},"end":{"line":6,"column":31}},"loc":{"start":{"line":6,"column":58},"end":{"line":10,"column":9}}}},"branchMap":{},"s":{"0":2,"1":4,"2":2},"f":{"0":2,"1":4},"b":{}}
,"C:\\Users\\lior\\Documents\\Projects\\word project\\lib\\controllers\\WordController.ts": {"path":"C:\\Users\\lior\\Documents\\Projects\\word project\\lib\\controllers\\WordController.ts","statementMap":{"0":{"start":{"line":2,"column":0},"end":{"line":2,"column":75}},"1":{"start":{"line":3,"column":0},"end":{"line":3,"column":62}},"2":{"start":{"line":10,"column":8},"end":{"line":10,"column":null}},"3":{"start":{"line":11,"column":8},"end":{"line":11,"column":null}},"4":{"start":{"line":16,"column":8},"end":{"line":37,"column":11}},"5":{"start":{"line":16,"column":78},"end":{"line":37,"column":10}},"6":{"start":{"line":17,"column":12},"end":{"line":22,"column":null}},"7":{"start":{"line":18,"column":16},"end":{"line":20,"column":null}},"8":{"start":{"line":21,"column":16},"end":{"line":21,"column":22}},"9":{"start":{"line":23,"column":26},"end":{"line":23,"column":48}},"10":{"start":{"line":25,"column":38},"end":{"line":25,"column":39}},"11":{"start":{"line":26,"column":12},"end":{"line":33,"column":null}},"12":{"start":{"line":27,"column":16},"end":{"line":27,"column":null}},"13":{"start":{"line":29,"column":16},"end":{"line":31,"column":null}},"14":{"start":{"line":32,"column":16},"end":{"line":32,"column":22}},"15":{"start":{"line":34,"column":12},"end":{"line":36,"column":null}},"16":{"start":{"line":39,"column":8},"end":{"line":69,"column":11}},"17":{"start":{"line":39,"column":76},"end":{"line":69,"column":10}},"18":{"start":{"line":40,"column":12},"end":{"line":45,"column":null}},"19":{"start":{"line":41,"column":16},"end":{"line":43,"column":null}},"20":{"start":{"line":44,"column":16},"end":{"line":44,"column":22}},"21":{"start":{"line":47,"column":33},"end":{"line":47,"column":47}},"22":{"start":{"line":49,"column":12},"end":{"line":54,"column":null}},"23":{"start":{"line":50,"column":16},"end":{"line":52,"column":null}},"24":{"start":{"line":53,"column":16},"end":{"line":53,"column":22}},"25":{"start":{"line":55,"column":12},"end":{"line":65,"column":null}},"26":{"start":{"line":56,"column":46},"end":{"line":56,"column":100}},"27":{"start":{"line":58,"column":16},"end":{"line":58,"column":null}},"28":{"start":{"line":61,"column":16},"end":{"line":63,"column":null}},"29":{"start":{"line":64,"column":16},"end":{"line":64,"column":22}},"30":{"start":{"line":66,"column":12},"end":{"line":68,"column":null}},"31":{"start":{"line":5,"column":0},"end":{"line":5,"column":13}}},"fnMap":{"0":{"name":"(anonymous_7)","decl":{"start":{"line":9,"column":4},"end":{"line":9,"column":null}},"loc":{"start":{"line":9,"column":4},"end":{"line":12,"column":5}}},"1":{"name":"(anonymous_8)","decl":{"start":{"line":14,"column":11},"end":{"line":14,"column":16}},"loc":{"start":{"line":14,"column":33},"end":{"line":70,"column":5}}},"2":{"name":"(anonymous_9)","decl":{"start":{"line":16,"column":40},"end":{"line":16,"column":47}},"loc":{"start":{"line":16,"column":78},"end":{"line":37,"column":10}}},"3":{"name":"(anonymous_10)","decl":{"start":{"line":16,"column":78},"end":{"line":16,"column":null}},"loc":{"start":{"line":16,"column":78},"end":{"line":37,"column":9}}},"4":{"name":"(anonymous_11)","decl":{"start":{"line":39,"column":38},"end":{"line":39,"column":45}},"loc":{"start":{"line":39,"column":76},"end":{"line":69,"column":10}}},"5":{"name":"(anonymous_12)","decl":{"start":{"line":39,"column":76},"end":{"line":39,"column":null}},"loc":{"start":{"line":39,"column":76},"end":{"line":69,"column":9}}}},"branchMap":{"0":{"loc":{"start":{"line":17,"column":12},"end":{"line":22,"column":null}},"type":"if","locations":[{"start":{"line":17,"column":12},"end":{"line":22,"column":null}},{"start":{"line":17,"column":12},"end":{"line":22,"column":null}}]},"1":{"loc":{"start":{"line":17,"column":16},"end":{"line":17,"column":26}},"type":"binary-expr","locations":[{"start":{"line":17,"column":16},"end":{"line":17,"column":26}},{"start":{"line":17,"column":30},"end":{"line":17,"column":45}}]},"2":{"loc":{"start":{"line":40,"column":12},"end":{"line":45,"column":null}},"type":"if","locations":[{"start":{"line":40,"column":12},"end":{"line":45,"column":null}},{"start":{"line":40,"column":12},"end":{"line":45,"column":null}}]},"3":{"loc":{"start":{"line":40,"column":16},"end":{"line":40,"column":25}},"type":"binary-expr","locations":[{"start":{"line":40,"column":16},"end":{"line":40,"column":25}},{"start":{"line":40,"column":29},"end":{"line":40,"column":44}}]},"4":{"loc":{"start":{"line":49,"column":12},"end":{"line":54,"column":null}},"type":"if","locations":[{"start":{"line":49,"column":12},"end":{"line":54,"column":null}},{"start":{"line":49,"column":12},"end":{"line":54,"column":null}}]}},"s":{"0":2,"1":2,"2":2,"3":2,"4":2,"5":3,"6":3,"7":2,"8":2,"9":1,"10":1,"11":1,"12":1,"13":0,"14":0,"15":1,"16":2,"17":1,"18":1,"19":0,"20":0,"21":1,"22":1,"23":0,"24":0,"25":1,"26":1,"27":1,"28":0,"29":0,"30":1,"31":2},"f":{"0":2,"1":2,"2":3,"3":3,"4":1,"5":1},"b":{"0":[2,1],"1":[3,3],"2":[0,1],"3":[1,1],"4":[0,1]}}
,"C:\\Users\\lior\\Documents\\Projects\\word project\\lib\\modules\\repos\\wordsRepository.ts": {"path":"C:\\Users\\lior\\Documents\\Projects\\word project\\lib\\modules\\repos\\wordsRepository.ts","statementMap":{"0":{"start":{"line":1,"column":0},"end":{"line":1,"column":47}},"1":{"start":{"line":5,"column":12},"end":{"line":5,"column":null}},"2":{"start":{"line":6,"column":12},"end":{"line":6,"column":null}},"3":{"start":{"line":7,"column":12},"end":{"line":7,"column":null}},"4":{"start":{"line":11,"column":8},"end":{"line":31,"column":null}},"5":{"start":{"line":11,"column":53},"end":{"line":31,"column":10}},"6":{"start":{"line":12,"column":12},"end":{"line":29,"column":null}},"7":{"start":{"line":13,"column":16},"end":{"line":13,"column":null}},"8":{"start":{"line":14,"column":29},"end":{"line":19,"column":22}},"9":{"start":{"line":20,"column":48},"end":{"line":22,"column":23}},"10":{"start":{"line":23,"column":16},"end":{"line":23,"column":null}},"11":{"start":{"line":25,"column":16},"end":{"line":25,"column":null}},"12":{"start":{"line":28,"column":16},"end":{"line":28,"column":null}},"13":{"start":{"line":35,"column":8},"end":{"line":59,"column":null}},"14":{"start":{"line":35,"column":53},"end":{"line":59,"column":10}},"15":{"start":{"line":36,"column":12},"end":{"line":58,"column":null}},"16":{"start":{"line":37,"column":16},"end":{"line":37,"column":null}},"17":{"start":{"line":38,"column":16},"end":{"line":50,"column":null}},"18":{"start":{"line":38,"column":40},"end":{"line":38,"column":null}},"19":{"start":{"line":38,"column":36},"end":{"line":38,"column":40}},"20":{"start":{"line":39,"column":41},"end":{"line":49,"column":30}},"21":{"start":{"line":52,"column":16},"end":{"line":52,"column":null}},"22":{"start":{"line":54,"column":16},"end":{"line":54,"column":null}},"23":{"start":{"line":57,"column":16},"end":{"line":57,"column":null}},"24":{"start":{"line":4,"column":0},"end":{"line":4,"column":13}}},"fnMap":{"0":{"name":"(anonymous_14)","decl":{"start":{"line":4,"column":0},"end":{"line":4,"column":13}},"loc":{"start":{"line":4,"column":0},"end":{"line":61,"column":1}}},"1":{"name":"(anonymous_15)","decl":{"start":{"line":10,"column":11},"end":{"line":10,"column":28}},"loc":{"start":{"line":10,"column":39},"end":{"line":32,"column":5}}},"2":{"name":"(anonymous_16)","decl":{"start":{"line":11,"column":27},"end":{"line":11,"column":34}},"loc":{"start":{"line":11,"column":53},"end":{"line":31,"column":10}}},"3":{"name":"(anonymous_17)","decl":{"start":{"line":11,"column":53},"end":{"line":11,"column":null}},"loc":{"start":{"line":11,"column":53},"end":{"line":31,"column":9}}},"4":{"name":"(anonymous_18)","decl":{"start":{"line":34,"column":11},"end":{"line":34,"column":30}},"loc":{"start":{"line":34,"column":44},"end":{"line":60,"column":5}}},"5":{"name":"(anonymous_19)","decl":{"start":{"line":35,"column":27},"end":{"line":35,"column":34}},"loc":{"start":{"line":35,"column":53},"end":{"line":59,"column":10}}},"6":{"name":"(anonymous_20)","decl":{"start":{"line":35,"column":53},"end":{"line":35,"column":null}},"loc":{"start":{"line":35,"column":53},"end":{"line":59,"column":9}}}},"branchMap":{"0":{"loc":{"start":{"line":5,"column":26},"end":{"line":5,"column":48}},"type":"binary-expr","locations":[{"start":{"line":5,"column":26},"end":{"line":5,"column":48}},{"start":{"line":5,"column":52},"end":{"line":5,"column":79}}]},"1":{"loc":{"start":{"line":21,"column":22},"end":{"line":21,"column":37}},"type":"cond-expr","locations":[{"start":{"line":21,"column":22},"end":{"line":21,"column":37}},{"start":{"line":22,"column":22},"end":{"line":22,"column":23}}]}},"s":{"0":2,"1":2,"2":2,"3":2,"4":1,"5":1,"6":1,"7":1,"8":1,"9":1,"10":1,"11":0,"12":1,"13":1,"14":1,"15":1,"16":1,"17":1,"18":1,"19":2,"20":2,"21":1,"22":0,"23":1,"24":2},"f":{"0":2,"1":1,"2":1,"3":1,"4":1,"5":1,"6":1},"b":{"0":[2,2],"1":[0,1]}}
,"C:\\Users\\lior\\Documents\\Projects\\word project\\lib\\modules\\services\\InputParserService.ts": {"path":"C:\\Users\\lior\\Documents\\Projects\\word project\\lib\\modules\\services\\InputParserService.ts","statementMap":{"0":{"start":{"line":1,"column":0},"end":{"line":1,"column":29}},"1":{"start":{"line":2,"column":0},"end":{"line":2,"column":25}},"2":{"start":{"line":3,"column":0},"end":{"line":3,"column":36}},"3":{"start":{"line":4,"column":0},"end":{"line":4,"column":38}},"4":{"start":{"line":11,"column":8},"end":{"line":11,"column":null}},"5":{"start":{"line":15,"column":8},"end":{"line":17,"column":null}},"6":{"start":{"line":16,"column":12},"end":{"line":16,"column":null}},"7":{"start":{"line":18,"column":37},"end":{"line":18,"column":63}},"8":{"start":{"line":19,"column":8},"end":{"line":19,"column":null}},"9":{"start":{"line":23,"column":8},"end":{"line":31,"column":26}},"10":{"start":{"line":24,"column":12},"end":{"line":29,"column":null}},"11":{"start":{"line":25,"column":16},"end":{"line":25,"column":32}},"12":{"start":{"line":28,"column":16},"end":{"line":28,"column":31}},"13":{"start":{"line":30,"column":12},"end":{"line":30,"column":24}},"14":{"start":{"line":35,"column":8},"end":{"line":57,"column":null}},"15":{"start":{"line":39,"column":12},"end":{"line":42,"column":null}},"16":{"start":{"line":40,"column":16},"end":{"line":40,"column":null}},"17":{"start":{"line":41,"column":16},"end":{"line":41,"column":null}},"18":{"start":{"line":45,"column":12},"end":{"line":48,"column":null}},"19":{"start":{"line":46,"column":16},"end":{"line":46,"column":null}},"20":{"start":{"line":47,"column":16},"end":{"line":47,"column":null}},"21":{"start":{"line":51,"column":34},"end":{"line":51,"column":57}},"22":{"start":{"line":52,"column":12},"end":{"line":52,"column":null}},"23":{"start":{"line":53,"column":12},"end":{"line":53,"column":null}},"24":{"start":{"line":56,"column":12},"end":{"line":56,"column":null}},"25":{"start":{"line":61,"column":20},"end":{"line":61,"column":57}},"26":{"start":{"line":61,"column":49},"end":{"line":61,"column":56}},"27":{"start":{"line":63,"column":8},"end":{"line":63,"column":null}},"28":{"start":{"line":63,"column":32},"end":{"line":63,"column":113}},"29":{"start":{"line":67,"column":24},"end":{"line":67,"column":41}},"30":{"start":{"line":69,"column":8},"end":{"line":71,"column":null}},"31":{"start":{"line":70,"column":12},"end":{"line":70,"column":null}},"32":{"start":{"line":73,"column":8},"end":{"line":103,"column":null}},"33":{"start":{"line":73,"column":53},"end":{"line":103,"column":10}},"34":{"start":{"line":76,"column":12},"end":{"line":102,"column":null}},"35":{"start":{"line":77,"column":16},"end":{"line":77,"column":null}},"36":{"start":{"line":78,"column":16},"end":{"line":80,"column":null}},"37":{"start":{"line":79,"column":20},"end":{"line":79,"column":null}},"38":{"start":{"line":82,"column":27},"end":{"line":85,"column":18}},"39":{"start":{"line":87,"column":32},"end":{"line":87,"column":34}},"40":{"start":{"line":88,"column":16},"end":{"line":91,"column":null}},"41":{"start":{"line":88,"column":41},"end":{"line":88,"column":null}},"42":{"start":{"line":88,"column":37},"end":{"line":88,"column":41}},"43":{"start":{"line":89,"column":41},"end":{"line":89,"column":63}},"44":{"start":{"line":90,"column":20},"end":{"line":90,"column":null}},"45":{"start":{"line":93,"column":16},"end":{"line":93,"column":null}},"46":{"start":{"line":95,"column":16},"end":{"line":95,"column":null}},"47":{"start":{"line":98,"column":16},"end":{"line":101,"column":null}},"48":{"start":{"line":99,"column":20},"end":{"line":99,"column":null}},"49":{"start":{"line":100,"column":20},"end":{"line":100,"column":null}},"50":{"start":{"line":108,"column":8},"end":{"line":127,"column":null}},"51":{"start":{"line":108,"column":53},"end":{"line":127,"column":10}},"52":{"start":{"line":109,"column":12},"end":{"line":126,"column":null}},"53":{"start":{"line":110,"column":39},"end":{"line":114,"column":18}},"54":{"start":{"line":116,"column":16},"end":{"line":119,"column":null}},"55":{"start":{"line":117,"column":20},"end":{"line":117,"column":null}},"56":{"start":{"line":118,"column":20},"end":{"line":118,"column":26}},"57":{"start":{"line":120,"column":37},"end":{"line":120,"column":74}},"58":{"start":{"line":121,"column":16},"end":{"line":121,"column":null}},"59":{"start":{"line":122,"column":16},"end":{"line":122,"column":22}},"60":{"start":{"line":125,"column":16},"end":{"line":125,"column":null}},"61":{"start":{"line":6,"column":0},"end":{"line":6,"column":13}}},"fnMap":{"0":{"name":"(anonymous_14)","decl":{"start":{"line":10,"column":4},"end":{"line":10,"column":null}},"loc":{"start":{"line":10,"column":4},"end":{"line":12,"column":5}}},"1":{"name":"(anonymous_15)","decl":{"start":{"line":14,"column":17},"end":{"line":14,"column":27}},"loc":{"start":{"line":14,"column":41},"end":{"line":20,"column":null}}},"2":{"name":"(anonymous_17)","decl":{"start":{"line":22,"column":12},"end":{"line":22,"column":33}},"loc":{"start":{"line":22,"column":75},"end":{"line":32,"column":5}}},"3":{"name":"(anonymous_18)","decl":{"start":{"line":23,"column":31},"end":{"line":23,"column":32}},"loc":{"start":{"line":23,"column":46},"end":{"line":31,"column":9}}},"4":{"name":"(anonymous_19)","decl":{"start":{"line":34,"column":18},"end":{"line":34,"column":26}},"loc":{"start":{"line":34,"column":40},"end":{"line":58,"column":null}}},"5":{"name":"(anonymous_21)","decl":{"start":{"line":60,"column":12},"end":{"line":60,"column":23}},"loc":{"start":{"line":60,"column":37},"end":{"line":64,"column":5}}},"6":{"name":"(anonymous_22)","decl":{"start":{"line":61,"column":44},"end":{"line":61,"column":45}},"loc":{"start":{"line":61,"column":49},"end":{"line":61,"column":56}}},"7":{"name":"(anonymous_23)","decl":{"start":{"line":63,"column":23},"end":{"line":63,"column":24}},"loc":{"start":{"line":63,"column":32},"end":{"line":63,"column":113}}},"8":{"name":"(anonymous_24)","decl":{"start":{"line":66,"column":18},"end":{"line":66,"column":36}},"loc":{"start":{"line":66,"column":50},"end":{"line":104,"column":null}}},"9":{"name":"(anonymous_26)","decl":{"start":{"line":73,"column":27},"end":{"line":73,"column":34}},"loc":{"start":{"line":73,"column":53},"end":{"line":103,"column":10}}},"10":{"name":"(anonymous_27)","decl":{"start":{"line":73,"column":53},"end":{"line":73,"column":null}},"loc":{"start":{"line":73,"column":53},"end":{"line":103,"column":9}}},"11":{"name":"(anonymous_28)","decl":{"start":{"line":78,"column":39},"end":{"line":78,"column":40}},"loc":{"start":{"line":78,"column":45},"end":{"line":80,"column":17}}},"12":{"name":"(anonymous_29)","decl":{"start":{"line":106,"column":18},"end":{"line":106,"column":35}},"loc":{"start":{"line":106,"column":49},"end":{"line":128,"column":null}}},"13":{"name":"(anonymous_31)","decl":{"start":{"line":108,"column":27},"end":{"line":108,"column":34}},"loc":{"start":{"line":108,"column":53},"end":{"line":127,"column":10}}},"14":{"name":"(anonymous_32)","decl":{"start":{"line":108,"column":53},"end":{"line":108,"column":null}},"loc":{"start":{"line":108,"column":53},"end":{"line":127,"column":9}}}},"branchMap":{"0":{"loc":{"start":{"line":15,"column":8},"end":{"line":17,"column":null}},"type":"if","locations":[{"start":{"line":15,"column":8},"end":{"line":17,"column":null}},{"start":{"line":15,"column":8},"end":{"line":17,"column":null}}]},"1":{"loc":{"start":{"line":15,"column":12},"end":{"line":15,"column":18}},"type":"binary-expr","locations":[{"start":{"line":15,"column":12},"end":{"line":15,"column":18}},{"start":{"line":15,"column":22},"end":{"line":15,"column":47}}]},"2":{"loc":{"start":{"line":24,"column":12},"end":{"line":29,"column":null}},"type":"if","locations":[{"start":{"line":24,"column":12},"end":{"line":29,"column":null}},{"start":{"line":24,"column":12},"end":{"line":29,"column":null}}]},"3":{"loc":{"start":{"line":39,"column":12},"end":{"line":42,"column":null}},"type":"if","locations":[{"start":{"line":39,"column":12},"end":{"line":42,"column":null}},{"start":{"line":39,"column":12},"end":{"line":42,"column":null}}]},"4":{"loc":{"start":{"line":45,"column":12},"end":{"line":48,"column":null}},"type":"if","locations":[{"start":{"line":45,"column":12},"end":{"line":48,"column":null}},{"start":{"line":45,"column":12},"end":{"line":48,"column":null}}]},"5":{"loc":{"start":{"line":69,"column":8},"end":{"line":71,"column":null}},"type":"if","locations":[{"start":{"line":69,"column":8},"end":{"line":71,"column":null}},{"start":{"line":69,"column":8},"end":{"line":71,"column":null}}]},"6":{"loc":{"start":{"line":98,"column":16},"end":{"line":101,"column":null}},"type":"if","locations":[{"start":{"line":98,"column":16},"end":{"line":101,"column":null}},{"start":{"line":98,"column":16},"end":{"line":101,"column":null}}]},"7":{"loc":{"start":{"line":116,"column":16},"end":{"line":119,"column":null}},"type":"if","locations":[{"start":{"line":116,"column":16},"end":{"line":119,"column":null}},{"start":{"line":116,"column":16},"end":{"line":119,"column":null}}]}},"s":{"0":3,"1":3,"2":3,"3":3,"4":3,"5":17,"6":4,"7":13,"8":7,"9":165,"10":12523,"11":11619,"12":904,"13":12523,"14":13,"15":13,"16":3,"17":2,"18":10,"19":7,"20":2,"21":3,"22":3,"23":3,"24":6,"25":166,"26":13495,"27":165,"28":12523,"29":7,"30":7,"31":3,"32":4,"33":4,"34":4,"35":4,"36":4,"37":2,"38":4,"39":4,"40":4,"41":4,"42":160,"43":160,"44":160,"45":2,"46":0,"47":2,"48":2,"49":2,"50":3,"51":3,"52":3,"53":3,"54":3,"55":0,"56":0,"57":3,"58":2,"59":2,"60":1,"61":3},"f":{"0":3,"1":17,"2":165,"3":12523,"4":13,"5":166,"6":13495,"7":12523,"8":7,"9":4,"10":4,"11":2,"12":3,"13":3,"14":3},"b":{"0":[4,13],"1":[17,14],"2":[11619,904],"3":[3,10],"4":[7,3],"5":[3,4],"6":[2,0],"7":[0,3]}}
,"C:\\Users\\lior\\Documents\\Projects\\word project\\lib\\modules\\services\\WordsService.ts": {"path":"C:\\Users\\lior\\Documents\\Projects\\word project\\lib\\modules\\services\\WordsService.ts","statementMap":{"0":{"start":{"line":1,"column":0},"end":{"line":1,"column":58}},"1":{"start":{"line":7,"column":8},"end":{"line":7,"column":null}},"2":{"start":{"line":11,"column":21},"end":{"line":11,"column":64}},"3":{"start":{"line":12,"column":8},"end":{"line":12,"column":null}},"4":{"start":{"line":16,"column":8},"end":{"line":23,"column":null}},"5":{"start":{"line":17,"column":33},"end":{"line":17,"column":81}},"6":{"start":{"line":19,"column":12},"end":{"line":19,"column":null}},"7":{"start":{"line":22,"column":12},"end":{"line":22,"column":null}},"8":{"start":{"line":3,"column":0},"end":{"line":3,"column":13}}},"fnMap":{"0":{"name":"(anonymous_7)","decl":{"start":{"line":6,"column":4},"end":{"line":6,"column":null}},"loc":{"start":{"line":6,"column":4},"end":{"line":8,"column":5}}},"1":{"name":"(anonymous_8)","decl":{"start":{"line":10,"column":17},"end":{"line":10,"column":34}},"loc":{"start":{"line":10,"column":45},"end":{"line":13,"column":null}}},"2":{"name":"(anonymous_10)","decl":{"start":{"line":15,"column":17},"end":{"line":15,"column":33}},"loc":{"start":{"line":15,"column":47},"end":{"line":24,"column":null}}}},"branchMap":{},"s":{"0":2,"1":2,"2":1,"3":1,"4":1,"5":1,"6":1,"7":0,"8":2},"f":{"0":2,"1":1,"2":1},"b":{}}
}
