TN:
SF:lib\config\app.ts
FN:13,(anonymous_0)
FN:21,(anonymous_1)
FN:28,(anonymous_2)
FNF:3
FNH:3
FNDA:2,(anonymous_0)
FNDA:2,(anonymous_1)
FNDA:2,(anonymous_2)
DA:1,2
DA:2,2
DA:4,2
DA:5,2
DA:10,2
DA:11,2
DA:14,2
DA:15,2
DA:16,2
DA:18,2
DA:23,2
DA:25,2
DA:29,2
DA:34,2
LF:14
LH:14
BRF:0
BRH:0
end_of_record
TN:
SF:lib\controllers\CommonController.ts
FN:4,(anonymous_0)
FN:6,(anonymous_1)
FNF:2
FNH:2
FNDA:2,(anonymous_0)
FNDA:4,(anonymous_1)
DA:3,2
DA:6,2
DA:7,4
LF:3
LH:3
BRF:0
BRH:0
end_of_record
TN:
SF:lib\controllers\WordController.ts
FN:9,(anonymous_7)
FN:14,(anonymous_8)
FN:16,(anonymous_9)
FN:16,(anonymous_10)
FN:39,(anonymous_11)
FN:39,(anonymous_12)
FNF:6
FNH:6
FNDA:2,(anonymous_7)
FNDA:2,(anonymous_8)
FNDA:3,(anonymous_9)
FNDA:3,(anonymous_10)
FNDA:1,(anonymous_11)
FNDA:1,(anonymous_12)
DA:2,2
DA:3,2
DA:5,2
DA:10,2
DA:11,2
DA:16,3
DA:17,3
DA:18,2
DA:21,2
DA:23,1
DA:25,1
DA:26,1
DA:27,1
DA:29,0
DA:32,0
DA:34,1
DA:39,2
DA:40,1
DA:41,0
DA:44,0
DA:47,1
DA:49,1
DA:50,0
DA:53,0
DA:55,1
DA:56,1
DA:58,1
DA:61,0
DA:64,0
DA:66,1
LF:30
LH:22
BRDA:17,0,0,2
BRDA:17,0,1,1
BRDA:17,1,0,3
BRDA:17,1,1,3
BRDA:40,2,0,0
BRDA:40,2,1,1
BRDA:40,3,0,1
BRDA:40,3,1,1
BRDA:49,4,0,0
BRDA:49,4,1,1
BRF:10
BRH:8
end_of_record
TN:
SF:lib\modules\repos\wordsRepository.ts
FN:4,(anonymous_14)
FN:10,(anonymous_15)
FN:11,(anonymous_16)
FN:11,(anonymous_17)
FN:34,(anonymous_18)
FN:35,(anonymous_19)
FN:35,(anonymous_20)
FNF:7
FNH:7
FNDA:2,(anonymous_14)
FNDA:1,(anonymous_15)
FNDA:1,(anonymous_16)
FNDA:1,(anonymous_17)
FNDA:1,(anonymous_18)
FNDA:1,(anonymous_19)
FNDA:1,(anonymous_20)
DA:1,2
DA:4,2
DA:5,2
DA:6,2
DA:7,2
DA:11,1
DA:12,1
DA:13,1
DA:14,1
DA:20,1
DA:23,1
DA:25,0
DA:28,1
DA:35,1
DA:36,1
DA:37,1
DA:38,2
DA:39,2
DA:52,1
DA:54,0
DA:57,1
LF:21
LH:19
BRDA:5,0,0,2
BRDA:5,0,1,2
BRDA:21,1,0,0
BRDA:21,1,1,1
BRF:4
BRH:3
end_of_record
TN:
SF:lib\modules\services\InputParserService.ts
FN:10,(anonymous_14)
FN:14,(anonymous_15)
FN:22,(anonymous_17)
FN:23,(anonymous_18)
FN:34,(anonymous_19)
FN:60,(anonymous_21)
FN:61,(anonymous_22)
FN:63,(anonymous_23)
FN:66,(anonymous_24)
FN:73,(anonymous_26)
FN:73,(anonymous_27)
FN:78,(anonymous_28)
FN:106,(anonymous_29)
FN:108,(anonymous_31)
FN:108,(anonymous_32)
FNF:15
FNH:15
FNDA:3,(anonymous_14)
FNDA:17,(anonymous_15)
FNDA:165,(anonymous_17)
FNDA:12523,(anonymous_18)
FNDA:13,(anonymous_19)
FNDA:166,(anonymous_21)
FNDA:13495,(anonymous_22)
FNDA:12523,(anonymous_23)
FNDA:7,(anonymous_24)
FNDA:4,(anonymous_26)
FNDA:4,(anonymous_27)
FNDA:2,(anonymous_28)
FNDA:3,(anonymous_29)
FNDA:3,(anonymous_31)
FNDA:3,(anonymous_32)
DA:1,3
DA:2,3
DA:3,3
DA:4,3
DA:6,3
DA:11,3
DA:15,17
DA:16,4
DA:18,13
DA:19,7
DA:23,165
DA:24,12523
DA:25,11619
DA:28,904
DA:30,12523
DA:35,13
DA:39,13
DA:40,3
DA:41,2
DA:45,10
DA:46,7
DA:47,2
DA:51,3
DA:52,3
DA:53,3
DA:56,6
DA:61,13495
DA:63,12523
DA:67,7
DA:69,7
DA:70,3
DA:73,4
DA:76,4
DA:77,4
DA:78,4
DA:79,2
DA:82,4
DA:87,4
DA:88,160
DA:89,160
DA:90,160
DA:93,2
DA:95,0
DA:98,2
DA:99,2
DA:100,2
DA:108,3
DA:109,3
DA:110,3
DA:116,3
DA:117,0
DA:118,0
DA:120,3
DA:121,2
DA:122,2
DA:125,1
LF:56
LH:53
BRDA:15,0,0,4
BRDA:15,0,1,13
BRDA:15,1,0,17
BRDA:15,1,1,14
BRDA:24,2,0,11619
BRDA:24,2,1,904
BRDA:39,3,0,3
BRDA:39,3,1,10
BRDA:45,4,0,7
BRDA:45,4,1,3
BRDA:69,5,0,3
BRDA:69,5,1,4
BRDA:98,6,0,2
BRDA:98,6,1,0
BRDA:116,7,0,0
BRDA:116,7,1,3
BRF:16
BRH:14
end_of_record
TN:
SF:lib\modules\services\WordsService.ts
FN:6,(anonymous_7)
FN:10,(anonymous_8)
FN:15,(anonymous_10)
FNF:3
FNH:3
FNDA:2,(anonymous_7)
FNDA:1,(anonymous_8)
FNDA:1,(anonymous_10)
DA:1,2
DA:3,2
DA:7,2
DA:11,1
DA:12,1
DA:16,1
DA:17,1
DA:19,1
DA:22,0
LF:9
LH:8
BRF:0
BRH:0
end_of_record
